{"C:\\Users\\sei\\Dev\\TMS\\src\\transportProtocol.ts": {"path":"C:\\Users\\sei\\Dev\\TMS\\src\\transportProtocol.ts","statementMap":{"0":{"start":{"line":3,"column":0},"end":{"line":3,"column":52}},"1":{"start":{"line":4,"column":0},"end":{"line":4,"column":62}},"2":{"start":{"line":11,"column":18},"end":{"line":11,"column":68}},"3":{"start":{"line":12,"column":4},"end":{"line":12,"column":43}},"4":{"start":{"line":13,"column":4},"end":{"line":13,"column":22}},"5":{"start":{"line":14,"column":4},"end":{"line":14,"column":18}},"6":{"start":{"line":15,"column":32},"end":{"line":15,"column":34}},"7":{"start":{"line":16,"column":39},"end":{"line":16,"column":41}},"8":{"start":{"line":17,"column":23},"end":{"line":17,"column":83}},"9":{"start":{"line":18,"column":4},"end":{"line":18,"column":29}},"10":{"start":{"line":19,"column":4},"end":{"line":19,"column":47}},"11":{"start":{"line":20,"column":4},"end":{"line":26,"column":7}},"12":{"start":{"line":21,"column":8},"end":{"line":25,"column":null}},"13":{"start":{"line":22,"column":12},"end":{"line":22,"column":50}},"14":{"start":{"line":23,"column":12},"end":{"line":23,"column":37}},"15":{"start":{"line":24,"column":12},"end":{"line":24,"column":55}},"16":{"start":{"line":27,"column":4},"end":{"line":31,"column":null}},"17":{"start":{"line":28,"column":8},"end":{"line":28,"column":54}},"18":{"start":{"line":30,"column":8},"end":{"line":30,"column":64}},"19":{"start":{"line":32,"column":4},"end":{"line":32,"column":65}},"20":{"start":{"line":33,"column":4},"end":{"line":33,"column":57}},"21":{"start":{"line":33,"column":44},"end":{"line":33,"column":54}},"22":{"start":{"line":34,"column":4},"end":{"line":34,"column":65}},"23":{"start":{"line":35,"column":4},"end":{"line":35,"column":24}},"24":{"start":{"line":9,"column":0},"end":{"line":9,"column":16}}},"fnMap":{"0":{"name":"startTransport","decl":{"start":{"line":9,"column":16},"end":{"line":9,"column":30}},"loc":{"start":{"line":10,"column":74},"end":{"line":36,"column":1}}},"1":{"name":"(anonymous_1)","decl":{"start":{"line":20,"column":21},"end":{"line":20,"column":22}},"loc":{"start":{"line":20,"column":25},"end":{"line":26,"column":5}}},"2":{"name":"(anonymous_2)","decl":{"start":{"line":33,"column":39},"end":{"line":33,"column":40}},"loc":{"start":{"line":33,"column":44},"end":{"line":33,"column":54}}}},"branchMap":{"0":{"loc":{"start":{"line":21,"column":8},"end":{"line":25,"column":null}},"type":"if","locations":[{"start":{"line":21,"column":8},"end":{"line":25,"column":null}}]},"1":{"loc":{"start":{"line":27,"column":4},"end":{"line":31,"column":null}},"type":"if","locations":[{"start":{"line":27,"column":4},"end":{"line":31,"column":null}},{"start":{"line":29,"column":11},"end":{"line":31,"column":null}}]}},"s":{"0":1,"1":1,"2":1,"3":1,"4":1,"5":1,"6":1,"7":1,"8":1,"9":1,"10":1,"11":1,"12":1,"13":1,"14":1,"15":1,"16":1,"17":1,"18":0,"19":1,"20":1,"21":2,"22":1,"23":1,"24":1},"f":{"0":1,"1":1,"2":2},"b":{"0":[1],"1":[1,0]}}
,"C:\\Users\\sei\\Dev\\TMS\\src\\util.ts": {"path":"C:\\Users\\sei\\Dev\\TMS\\src\\util.ts","statementMap":{"0":{"start":{"line":3,"column":27},"end":{"line":3,"column":44}},"1":{"start":{"line":4,"column":4},"end":{"line":10,"column":null}},"2":{"start":{"line":5,"column":8},"end":{"line":7,"column":null}},"3":{"start":{"line":6,"column":12},"end":{"line":6,"column":24}},"4":{"start":{"line":9,"column":8},"end":{"line":9,"column":21}},"5":{"start":{"line":2,"column":0},"end":{"line":2,"column":16}},"6":{"start":{"line":14,"column":38},"end":{"line":14,"column":56}},"7":{"start":{"line":15,"column":25},"end":{"line":15,"column":29}},"8":{"start":{"line":16,"column":4},"end":{"line":21,"column":null}},"9":{"start":{"line":17,"column":8},"end":{"line":20,"column":null}},"10":{"start":{"line":18,"column":12},"end":{"line":18,"column":26}},"11":{"start":{"line":19,"column":12},"end":{"line":19,"column":18}},"12":{"start":{"line":22,"column":4},"end":{"line":22,"column":17}},"13":{"start":{"line":13,"column":0},"end":{"line":13,"column":16}},"14":{"start":{"line":26,"column":4},"end":{"line":34,"column":null}},"15":{"start":{"line":31,"column":12},"end":{"line":31,"column":24}},"16":{"start":{"line":33,"column":12},"end":{"line":33,"column":25}},"17":{"start":{"line":25,"column":0},"end":{"line":25,"column":16}}},"fnMap":{"0":{"name":"isPosNumber","decl":{"start":{"line":2,"column":16},"end":{"line":2,"column":27}},"loc":{"start":{"line":2,"column":39},"end":{"line":11,"column":1}}},"1":{"name":"isValidCommands","decl":{"start":{"line":13,"column":16},"end":{"line":13,"column":31}},"loc":{"start":{"line":13,"column":48},"end":{"line":23,"column":1}}},"2":{"name":"isValidCommand","decl":{"start":{"line":25,"column":16},"end":{"line":25,"column":30}},"loc":{"start":{"line":25,"column":46},"end":{"line":35,"column":1}}}},"branchMap":{"0":{"loc":{"start":{"line":4,"column":4},"end":{"line":10,"column":null}},"type":"if","locations":[{"start":{"line":4,"column":4},"end":{"line":10,"column":null}},{"start":{"line":8,"column":11},"end":{"line":10,"column":null}}]},"1":{"loc":{"start":{"line":5,"column":8},"end":{"line":7,"column":null}},"type":"if","locations":[{"start":{"line":5,"column":8},"end":{"line":7,"column":null}}]},"2":{"loc":{"start":{"line":17,"column":8},"end":{"line":20,"column":null}},"type":"if","locations":[{"start":{"line":17,"column":8},"end":{"line":20,"column":null}}]},"3":{"loc":{"start":{"line":26,"column":4},"end":{"line":34,"column":null}},"type":"switch","locations":[{"start":{"line":27,"column":8},"end":{"line":27,"column":17}},{"start":{"line":28,"column":8},"end":{"line":28,"column":17}},{"start":{"line":29,"column":8},"end":{"line":29,"column":17}},{"start":{"line":30,"column":8},"end":{"line":31,"column":24}},{"start":{"line":32,"column":8},"end":{"line":33,"column":25}}]}},"s":{"0":2,"1":2,"2":2,"3":2,"4":0,"5":1,"6":2,"7":2,"8":2,"9":6,"10":1,"11":1,"12":2,"13":1,"14":7,"15":6,"16":1,"17":1},"f":{"0":2,"1":2,"2":7},"b":{"0":[2,0],"1":[2],"2":[1],"3":[5,6,6,6,1]}}
,"C:\\Users\\sei\\Dev\\TMS\\src\\field\\field.ts": {"path":"C:\\Users\\sei\\Dev\\TMS\\src\\field\\field.ts","statementMap":{"0":{"start":{"line":1,"column":0},"end":{"line":1,"column":57}},"1":{"start":{"line":15,"column":4},"end":{"line":28,"column":null}},"2":{"start":{"line":15,"column":17},"end":{"line":15,"column":18}},"3":{"start":{"line":16,"column":8},"end":{"line":26,"column":null}},"4":{"start":{"line":16,"column":21},"end":{"line":16,"column":22}},"5":{"start":{"line":17,"column":12},"end":{"line":25,"column":null}},"6":{"start":{"line":18,"column":16},"end":{"line":22,"column":null}},"7":{"start":{"line":18,"column":53},"end":{"line":18,"column":81}},"8":{"start":{"line":19,"column":20},"end":{"line":19,"column":48}},"9":{"start":{"line":21,"column":20},"end":{"line":21,"column":48}},"10":{"start":{"line":24,"column":16},"end":{"line":24,"column":44}},"11":{"start":{"line":27,"column":8},"end":{"line":27,"column":null}},"12":{"start":{"line":14,"column":0},"end":{"line":14,"column":16}},"13":{"start":{"line":32,"column":4},"end":{"line":32,"column":null}},"14":{"start":{"line":31,"column":0},"end":{"line":31,"column":16}},"15":{"start":{"line":36,"column":4},"end":{"line":36,"column":83}},"16":{"start":{"line":36,"column":39},"end":{"line":36,"column":81}},"17":{"start":{"line":35,"column":0},"end":{"line":35,"column":16}},"18":{"start":{"line":40,"column":19},"end":{"line":40,"column":27}},"19":{"start":{"line":41,"column":4},"end":{"line":44,"column":29}},"20":{"start":{"line":39,"column":0},"end":{"line":39,"column":16}}},"fnMap":{"0":{"name":"printField","decl":{"start":{"line":14,"column":16},"end":{"line":14,"column":26}},"loc":{"start":{"line":14,"column":63},"end":{"line":29,"column":1}}},"1":{"name":"(anonymous_1)","decl":{"start":{"line":18,"column":49},"end":{"line":18,"column":50}},"loc":{"start":{"line":18,"column":53},"end":{"line":18,"column":81}}},"2":{"name":"isValidPosition","decl":{"start":{"line":31,"column":16},"end":{"line":31,"column":31}},"loc":{"start":{"line":31,"column":64},"end":{"line":33,"column":1}}},"3":{"name":"hasObstacle","decl":{"start":{"line":35,"column":16},"end":{"line":35,"column":27}},"loc":{"start":{"line":35,"column":60},"end":{"line":37,"column":1}}},"4":{"name":"(anonymous_4)","decl":{"start":{"line":36,"column":34},"end":{"line":36,"column":35}},"loc":{"start":{"line":36,"column":39},"end":{"line":36,"column":81}}},"5":{"name":"isPositionInBounds","decl":{"start":{"line":39,"column":16},"end":{"line":39,"column":34}},"loc":{"start":{"line":39,"column":67},"end":{"line":45,"column":1}}}},"branchMap":{"0":{"loc":{"start":{"line":17,"column":12},"end":{"line":25,"column":null}},"type":"if","locations":[{"start":{"line":17,"column":12},"end":{"line":25,"column":null}},{"start":{"line":23,"column":19},"end":{"line":25,"column":null}}]},"1":{"loc":{"start":{"line":18,"column":16},"end":{"line":22,"column":null}},"type":"if","locations":[{"start":{"line":18,"column":16},"end":{"line":22,"column":null}},{"start":{"line":20,"column":22},"end":{"line":22,"column":null}}]},"2":{"loc":{"start":{"line":18,"column":19},"end":{"line":18,"column":82}},"type":"binary-expr","locations":[{"start":{"line":18,"column":19},"end":{"line":18,"column":28}},{"start":{"line":18,"column":32},"end":{"line":18,"column":82}}]},"3":{"loc":{"start":{"line":32,"column":11},"end":{"line":32,"column":79}},"type":"binary-expr","locations":[{"start":{"line":32,"column":11},"end":{"line":32,"column":40}},{"start":{"line":32,"column":44},"end":{"line":32,"column":79}}]},"4":{"loc":{"start":{"line":41,"column":11},"end":{"line":44,"column":28}},"type":"binary-expr","locations":[{"start":{"line":41,"column":12},"end":{"line":41,"column":18}},{"start":{"line":42,"column":12},"end":{"line":42,"column":27}},{"start":{"line":43,"column":12},"end":{"line":43,"column":18}},{"start":{"line":44,"column":12},"end":{"line":44,"column":27}}]}},"s":{"0":4,"1":2,"2":2,"3":6,"4":6,"5":18,"6":16,"7":15,"8":2,"9":14,"10":2,"11":6,"12":4,"13":24,"14":4,"15":25,"16":25,"17":4,"18":20,"19":20,"20":4},"f":{"0":2,"1":15,"2":24,"3":25,"4":25,"5":20},"b":{"0":[16,2],"1":[2,14],"2":[16,8],"3":[24,20],"4":[20,20,20,20]}}
,"C:\\Users\\sei\\Dev\\TMS\\src\\robot\\command.ts": {"path":"C:\\Users\\sei\\Dev\\TMS\\src\\robot\\command.ts","statementMap":{"0":{"start":{"line":12,"column":4},"end":{"line":22,"column":7}},"1":{"start":{"line":13,"column":8},"end":{"line":21,"column":null}},"2":{"start":{"line":18,"column":16},"end":{"line":18,"column":25}},"3":{"start":{"line":20,"column":16},"end":{"line":20,"column":51}},"4":{"start":{"line":11,"column":0},"end":{"line":11,"column":16}},"5":{"start":{"line":26,"column":4},"end":{"line":35,"column":null}},"6":{"start":{"line":28,"column":12},"end":{"line":28,"column":59}},"7":{"start":{"line":30,"column":12},"end":{"line":30,"column":59}},"8":{"start":{"line":32,"column":12},"end":{"line":32,"column":59}},"9":{"start":{"line":34,"column":12},"end":{"line":34,"column":59}},"10":{"start":{"line":25,"column":0},"end":{"line":25,"column":16}},"11":{"start":{"line":39,"column":4},"end":{"line":48,"column":null}},"12":{"start":{"line":41,"column":12},"end":{"line":41,"column":48}},"13":{"start":{"line":43,"column":12},"end":{"line":43,"column":48}},"14":{"start":{"line":45,"column":12},"end":{"line":45,"column":48}},"15":{"start":{"line":47,"column":12},"end":{"line":47,"column":48}},"16":{"start":{"line":38,"column":0},"end":{"line":38,"column":16}}},"fnMap":{"0":{"name":"parseCommands","decl":{"start":{"line":11,"column":16},"end":{"line":11,"column":29}},"loc":{"start":{"line":11,"column":46},"end":{"line":23,"column":1}}},"1":{"name":"(anonymous_1)","decl":{"start":{"line":12,"column":34},"end":{"line":12,"column":35}},"loc":{"start":{"line":12,"column":38},"end":{"line":22,"column":5}}},"2":{"name":"move","decl":{"start":{"line":25,"column":16},"end":{"line":25,"column":20}},"loc":{"start":{"line":25,"column":77},"end":{"line":36,"column":1}}},"3":{"name":"rotate","decl":{"start":{"line":38,"column":16},"end":{"line":38,"column":22}},"loc":{"start":{"line":38,"column":64},"end":{"line":49,"column":1}}}},"branchMap":{"0":{"loc":{"start":{"line":13,"column":8},"end":{"line":21,"column":null}},"type":"switch","locations":[{"start":{"line":14,"column":12},"end":{"line":14,"column":21}},{"start":{"line":15,"column":12},"end":{"line":15,"column":21}},{"start":{"line":16,"column":12},"end":{"line":16,"column":21}},{"start":{"line":17,"column":12},"end":{"line":18,"column":25}},{"start":{"line":19,"column":12},"end":{"line":20,"column":51}}]},"1":{"loc":{"start":{"line":26,"column":4},"end":{"line":35,"column":null}},"type":"switch","locations":[{"start":{"line":27,"column":8},"end":{"line":28,"column":59}},{"start":{"line":29,"column":8},"end":{"line":30,"column":59}},{"start":{"line":31,"column":8},"end":{"line":32,"column":59}},{"start":{"line":33,"column":8},"end":{"line":34,"column":59}}]},"2":{"loc":{"start":{"line":39,"column":4},"end":{"line":48,"column":null}},"type":"switch","locations":[{"start":{"line":40,"column":8},"end":{"line":41,"column":48}},{"start":{"line":42,"column":8},"end":{"line":43,"column":48}},{"start":{"line":44,"column":8},"end":{"line":45,"column":48}},{"start":{"line":46,"column":8},"end":{"line":47,"column":48}}]},"3":{"loc":{"start":{"line":41,"column":19},"end":{"line":41,"column":47}},"type":"cond-expr","locations":[{"start":{"line":41,"column":38},"end":{"line":41,"column":41}},{"start":{"line":41,"column":44},"end":{"line":41,"column":47}}]},"4":{"loc":{"start":{"line":43,"column":19},"end":{"line":43,"column":47}},"type":"cond-expr","locations":[{"start":{"line":43,"column":38},"end":{"line":43,"column":41}},{"start":{"line":43,"column":44},"end":{"line":43,"column":47}}]},"5":{"loc":{"start":{"line":45,"column":19},"end":{"line":45,"column":47}},"type":"cond-expr","locations":[{"start":{"line":45,"column":38},"end":{"line":45,"column":41}},{"start":{"line":45,"column":44},"end":{"line":45,"column":47}}]},"6":{"loc":{"start":{"line":47,"column":19},"end":{"line":47,"column":47}},"type":"cond-expr","locations":[{"start":{"line":47,"column":38},"end":{"line":47,"column":41}},{"start":{"line":47,"column":44},"end":{"line":47,"column":47}}]}},"s":{"0":2,"1":5,"2":5,"3":0,"4":3,"5":5,"6":0,"7":5,"8":0,"9":0,"10":3,"11":1,"12":0,"13":0,"14":1,"15":0,"16":3},"f":{"0":2,"1":5,"2":5,"3":1},"b":{"0":[2,3,4,5,0],"1":[0,5,0,0],"2":[0,0,1,0],"3":[0,0],"4":[0,0],"5":[0,1],"6":[0,0]}}
,"C:\\Users\\sei\\Dev\\TMS\\src\\robot\\direction.ts": {"path":"C:\\Users\\sei\\Dev\\TMS\\src\\robot\\direction.ts","statementMap":{"0":{"start":{"line":4,"column":4},"end":{"line":4,"column":37}},"1":{"start":{"line":3,"column":0},"end":{"line":3,"column":16}},"2":{"start":{"line":8,"column":4},"end":{"line":16,"column":null}},"3":{"start":{"line":13,"column":12},"end":{"line":13,"column":23}},"4":{"start":{"line":15,"column":12},"end":{"line":15,"column":24}},"5":{"start":{"line":7,"column":0},"end":{"line":7,"column":16}}},"fnMap":{"0":{"name":"isDirection","decl":{"start":{"line":3,"column":16},"end":{"line":3,"column":27}},"loc":{"start":{"line":3,"column":39},"end":{"line":5,"column":1}}},"1":{"name":"convertToDirection","decl":{"start":{"line":7,"column":16},"end":{"line":7,"column":34}},"loc":{"start":{"line":7,"column":46},"end":{"line":17,"column":1}}}},"branchMap":{"0":{"loc":{"start":{"line":8,"column":4},"end":{"line":16,"column":null}},"type":"switch","locations":[{"start":{"line":9,"column":8},"end":{"line":9,"column":17}},{"start":{"line":10,"column":8},"end":{"line":10,"column":17}},{"start":{"line":11,"column":8},"end":{"line":11,"column":17}},{"start":{"line":12,"column":8},"end":{"line":13,"column":23}},{"start":{"line":14,"column":8},"end":{"line":15,"column":24}}]}},"s":{"0":2,"1":2,"2":5,"3":3,"4":2,"5":2},"f":{"0":2,"1":5},"b":{"0":[0,2,2,3,2]}}
,"C:\\Users\\sei\\Dev\\TMS\\src\\robot\\position.ts": {"path":"C:\\Users\\sei\\Dev\\TMS\\src\\robot\\position.ts","statementMap":{"0":{"start":{"line":7,"column":4},"end":{"line":7,"column":null}},"1":{"start":{"line":6,"column":0},"end":{"line":6,"column":16}}},"fnMap":{"0":{"name":"samePosition","decl":{"start":{"line":6,"column":16},"end":{"line":6,"column":28}},"loc":{"start":{"line":6,"column":53},"end":{"line":8,"column":1}}}},"branchMap":{"0":{"loc":{"start":{"line":7,"column":11},"end":{"line":7,"column":35}},"type":"binary-expr","locations":[{"start":{"line":7,"column":11},"end":{"line":7,"column":21}},{"start":{"line":7,"column":25},"end":{"line":7,"column":35}}]}},"s":{"0":42,"1":5},"f":{"0":42},"b":{"0":[42,17]}}
,"C:\\Users\\sei\\Dev\\TMS\\src\\robot\\robot.ts": {"path":"C:\\Users\\sei\\Dev\\TMS\\src\\robot\\robot.ts","statementMap":{"0":{"start":{"line":1,"column":0},"end":{"line":1,"column":48}},"1":{"start":{"line":4,"column":0},"end":{"line":4,"column":54}},"2":{"start":{"line":19,"column":4},"end":{"line":28,"column":null}},"3":{"start":{"line":21,"column":12},"end":{"line":21,"column":62}},"4":{"start":{"line":23,"column":12},"end":{"line":23,"column":63}},"5":{"start":{"line":25,"column":12},"end":{"line":25,"column":93}},"6":{"start":{"line":27,"column":12},"end":{"line":27,"column":93}},"7":{"start":{"line":16,"column":0},"end":{"line":16,"column":16}},"8":{"start":{"line":37,"column":25},"end":{"line":37,"column":70}},"9":{"start":{"line":38,"column":4},"end":{"line":42,"column":null}},"10":{"start":{"line":39,"column":8},"end":{"line":39,"column":72}},"11":{"start":{"line":41,"column":8},"end":{"line":41,"column":97}},"12":{"start":{"line":36,"column":0},"end":{"line":36,"column":16}},"13":{"start":{"line":46,"column":4},"end":{"line":47,"column":78}},"14":{"start":{"line":45,"column":0},"end":{"line":45,"column":16}}},"fnMap":{"0":{"name":"applyCommand","decl":{"start":{"line":16,"column":16},"end":{"line":16,"column":28}},"loc":{"start":{"line":18,"column":45},"end":{"line":29,"column":1}}},"1":{"name":"checkedMoveRobot","decl":{"start":{"line":36,"column":16},"end":{"line":36,"column":32}},"loc":{"start":{"line":36,"column":84},"end":{"line":43,"column":1}}},"2":{"name":"printRobot","decl":{"start":{"line":45,"column":16},"end":{"line":45,"column":26}},"loc":{"start":{"line":45,"column":39},"end":{"line":48,"column":1}}}},"branchMap":{"0":{"loc":{"start":{"line":19,"column":4},"end":{"line":28,"column":null}},"type":"switch","locations":[{"start":{"line":20,"column":8},"end":{"line":21,"column":62}},{"start":{"line":22,"column":8},"end":{"line":23,"column":63}},{"start":{"line":24,"column":8},"end":{"line":25,"column":93}},{"start":{"line":26,"column":8},"end":{"line":27,"column":93}}]},"1":{"loc":{"start":{"line":38,"column":4},"end":{"line":42,"column":null}},"type":"if","locations":[{"start":{"line":38,"column":4},"end":{"line":42,"column":null}},{"start":{"line":40,"column":11},"end":{"line":42,"column":null}}]}},"s":{"0":2,"1":2,"2":2,"3":2,"4":0,"5":0,"6":0,"7":2,"8":4,"9":4,"10":3,"11":1,"12":2,"13":2,"14":2},"f":{"0":2,"1":4,"2":2},"b":{"0":[2,0,0,0],"1":[3,1]}}
}
