TN:
SF:src\transportProtocol.ts
FN:9,startTransport
FN:20,(anonymous_1)
FN:33,(anonymous_2)
FNF:3
FNH:3
FNDA:1,startTransport
FNDA:1,(anonymous_1)
FNDA:2,(anonymous_2)
DA:3,1
DA:4,1
DA:9,1
DA:11,1
DA:12,1
DA:13,1
DA:14,1
DA:15,1
DA:16,1
DA:17,1
DA:18,1
DA:19,1
DA:20,1
DA:21,1
DA:22,1
DA:23,1
DA:24,1
DA:27,1
DA:28,1
DA:30,0
DA:32,1
DA:33,2
DA:34,1
DA:35,1
LF:24
LH:23
BRDA:21,0,0,1
BRDA:27,1,0,1
BRDA:27,1,1,0
BRF:3
BRH:2
end_of_record
TN:
SF:src\util.ts
FN:2,isPosNumber
FN:13,isValidCommands
FN:25,isValidCommand
FNF:3
FNH:3
FNDA:2,isPosNumber
FNDA:2,isValidCommands
FNDA:7,isValidCommand
DA:2,1
DA:3,2
DA:4,2
DA:5,2
DA:6,2
DA:9,0
DA:13,1
DA:14,2
DA:15,2
DA:16,2
DA:17,6
DA:18,1
DA:19,1
DA:22,2
DA:25,1
DA:26,7
DA:31,6
DA:33,1
LF:18
LH:17
BRDA:4,0,0,2
BRDA:4,0,1,0
BRDA:5,1,0,2
BRDA:17,2,0,1
BRDA:26,3,0,5
BRDA:26,3,1,6
BRDA:26,3,2,6
BRDA:26,3,3,6
BRDA:26,3,4,1
BRF:9
BRH:8
end_of_record
TN:
SF:src\field\field.ts
FN:14,printField
FN:18,(anonymous_1)
FN:31,isValidPosition
FN:35,hasObstacle
FN:36,(anonymous_4)
FN:39,isPositionInBounds
FNF:6
FNH:6
FNDA:2,printField
FNDA:15,(anonymous_1)
FNDA:24,isValidPosition
FNDA:25,hasObstacle
FNDA:25,(anonymous_4)
FNDA:20,isPositionInBounds
DA:1,4
DA:14,4
DA:15,2
DA:16,6
DA:17,18
DA:18,16
DA:19,2
DA:21,14
DA:24,2
DA:27,6
DA:31,4
DA:32,24
DA:35,4
DA:36,25
DA:39,4
DA:40,20
DA:41,20
LF:17
LH:17
BRDA:17,0,0,16
BRDA:17,0,1,2
BRDA:18,1,0,2
BRDA:18,1,1,14
BRDA:18,2,0,16
BRDA:18,2,1,8
BRDA:32,3,0,24
BRDA:32,3,1,20
BRDA:41,4,0,20
BRDA:41,4,1,20
BRDA:41,4,2,20
BRDA:41,4,3,20
BRF:12
BRH:12
end_of_record
TN:
SF:src\robot\command.ts
FN:11,parseCommands
FN:12,(anonymous_1)
FN:25,move
FN:38,rotate
FNF:4
FNH:4
FNDA:2,parseCommands
FNDA:5,(anonymous_1)
FNDA:5,move
FNDA:1,rotate
DA:11,3
DA:12,2
DA:13,5
DA:18,5
DA:20,0
DA:25,3
DA:26,5
DA:28,0
DA:30,5
DA:32,0
DA:34,0
DA:38,3
DA:39,1
DA:41,0
DA:43,0
DA:45,1
DA:47,0
LF:17
LH:10
BRDA:13,0,0,2
BRDA:13,0,1,3
BRDA:13,0,2,4
BRDA:13,0,3,5
BRDA:13,0,4,0
BRDA:26,1,0,0
BRDA:26,1,1,5
BRDA:26,1,2,0
BRDA:26,1,3,0
BRDA:39,2,0,0
BRDA:39,2,1,0
BRDA:39,2,2,1
BRDA:39,2,3,0
BRDA:41,3,0,0
BRDA:41,3,1,0
BRDA:43,4,0,0
BRDA:43,4,1,0
BRDA:45,5,0,0
BRDA:45,5,1,1
BRDA:47,6,0,0
BRDA:47,6,1,0
BRF:21
BRH:7
end_of_record
TN:
SF:src\robot\direction.ts
FN:3,isDirection
FN:7,convertToDirection
FNF:2
FNH:2
FNDA:2,isDirection
FNDA:5,convertToDirection
DA:3,2
DA:4,2
DA:7,2
DA:8,5
DA:13,3
DA:15,2
LF:6
LH:6
BRDA:8,0,0,0
BRDA:8,0,1,2
BRDA:8,0,2,2
BRDA:8,0,3,3
BRDA:8,0,4,2
BRF:5
BRH:4
end_of_record
TN:
SF:src\robot\position.ts
FN:6,samePosition
FNF:1
FNH:1
FNDA:42,samePosition
DA:6,5
DA:7,42
LF:2
LH:2
BRDA:7,0,0,42
BRDA:7,0,1,17
BRF:2
BRH:2
end_of_record
TN:
SF:src\robot\robot.ts
FN:16,applyCommand
FN:36,checkedMoveRobot
FN:45,printRobot
FNF:3
FNH:3
FNDA:2,applyCommand
FNDA:4,checkedMoveRobot
FNDA:2,printRobot
DA:1,2
DA:4,2
DA:16,2
DA:19,2
DA:21,2
DA:23,0
DA:25,0
DA:27,0
DA:36,2
DA:37,4
DA:38,4
DA:39,3
DA:41,1
DA:45,2
DA:46,2
LF:15
LH:12
BRDA:19,0,0,2
BRDA:19,0,1,0
BRDA:19,0,2,0
BRDA:19,0,3,0
BRDA:38,1,0,3
BRDA:38,1,1,1
BRF:6
BRH:3
end_of_record
